Wed Mar 17 18:41:06 MSK 2021


=============== CUB3D DESTROYER - DAMAGE REPORT ===============



=====================[DESTROYED STUFF # 1]=====================
./invalid_maps/invalid_RGB_000.cub
R 1080 720
NO ./wolftex/WALL54.xpm
SO ./wolftex/WALL33.xpm
EA ./wolftex/WALL64.xpm
WE ./wolftex/WALL64.xpm
S ./wolftex/HEADH0.xpm
C 255,200,
F 122,122,122

11111111111111111
10000000000000001
10200000200000201
10000000000000001
10002000200020001
10000000000000001
10202020N02020201
10000000000000001
10002000200200001
10000000000000001
10200000200002001
10000000000000001
11111111111111111

PARSER OUTPUT:


=====================[DESTROYED STUFF # 2]=====================
./invalid_maps/invalid_RGB_008.cub
R 1080 720
NO ./wolftex/WALL54.xpm
SO ./wolftex/WALL33.xpm
EA ./wolftex/WALL64.xpm
WE ./wolftex/WALL64.xpm
S ./wolftex/HEADH0.xpm
C 255,200,160s
F 122,122,122

11111111111111111
10000000000000001
10200000200000201
10000000000000001
10002000200020001
10000000000000001
10202020N02020201
10000000000000001
10002000200200001
10000000000000001
10200000200002001
10000000000000001
11111111111111111

PARSER OUTPUT:


=====================[DESTROYED STUFF # 3]=====================
./invalid_maps/invalid_RGB_009.cub
R 1080 720
NO ./wolftex/WALL54.xpm
SO ./wolftex/WALL33.xpm
EA ./wolftex/WALL64.xpm
WE ./wolftex/WALL64.xpm
S ./wolftex/HEADH0.xpm
C 255,200,+160
F 122,122,122

11111111111111111
10000000000000001
10200000200000201
10000000000000001
10002000200020001
10000000000000001
10202020N02020201
10000000000000001
10002000200200001
10000000000000001
10200000200002001
10000000000000001
11111111111111111

PARSER OUTPUT:


=====================[DESTROYED STUFF # 4]=====================
./invalid_maps/invalid_RGB_012.cub
R 1080 720
NO ./wolftex/WALL54.xpm
SO ./wolftex/WALL33.xpm
EA ./wolftex/WALL64.xpm
WE ./wolftex/WALL64.xpm
S ./wolftex/HEADH0.xpm
C 255,200,-160
F 122,122,122

11111111111111111
10000000000000001
10200000200000201
10000000000000001
10002000200020001
10000000000000001
10202020N02020201
10000000000000001
10002000200200001
10000000000000001
10200000200002001
10000000000000001
11111111111111111

PARSER OUTPUT:


=====================[DESTROYED STUFF # 5]=====================
./invalid_maps/invalid_RGB_018.cub
R 1080 720
NO ./wolftex/WALL54.xpm
SO ./wolftex/WALL33.xpm
EA ./wolftex/WALL64.xpm
WE ./wolftex/WALL64.xpm
S ./wolftex/HEADH0.xpm
C 255,200,160,
F 122,122,122

11111111111111111
10000000000000001
10200000200000201
10000000000000001
10002000200020001
10000000000000001
10202020N02020201
10000000000000001
10002000200200001
10000000000000001
10200000200002001
10000000000000001
11111111111111111

PARSER OUTPUT:


=====================[DESTROYED STUFF # 6]=====================
./invalid_maps/invalid_RGB_019.cub
R 1080 720
NO ./wolftex/WALL54.xpm
SO ./wolftex/WALL33.xpm
EA ./wolftex/WALL64.xpm
WE ./wolftex/WALL64.xpm
S ./wolftex/HEADH0.xpm
C 255,200,,160
F 122,122,122

11111111111111111
10000000000000001
10200000200000201
10000000000000001
10002000200020001
10000000000000001
10202020N02020201
10000000000000001
10002000200200001
10000000000000001
10200000200002001
10000000000000001
11111111111111111

PARSER OUTPUT:


=====================[DESTROYED STUFF # 7]=====================
./invalid_maps/invalid_RGB_020.cub
R 1080 720
NO ./wolftex/WALL54.xpm
SO ./wolftex/WALL33.xpm
EA ./wolftex/WALL64.xpm
WE ./wolftex/WALL64.xpm
S ./wolftex/HEADH0.xpm
C ,255,200,
F 122,122,122

11111111111111111
10000000000000001
10200000200000201
10000000000000001
10002000200020001
10000000000000001
10202020N02020201
10000000000000001
10002000200200001
10000000000000001
10200000200002001
10000000000000001
11111111111111111

PARSER OUTPUT:


=====================[DESTROYED STUFF # 8]=====================
./invalid_maps/invalid_RGB_021.cub
R 1080 720
NO ./wolftex/WALL54.xpm
SO ./wolftex/WALL33.xpm
EA ./wolftex/WALL64.xpm
WE ./wolftex/WALL64.xpm
S ./wolftex/HEADH0.xpm
C ,255,200,160
F 122,122,122

11111111111111111
10000000000000001
10200000200000201
10000000000000001
10002000200020001
10000000000000001
10202020N02020201
10000000000000001
10002000200200001
10000000000000001
10200000200002001
10000000000000001
11111111111111111

PARSER OUTPUT:


=====================[DESTROYED STUFF # 9]=====================
./invalid_maps/invalid_RGB_022.cub
R 1080 720
NO ./wolftex/WALL54.xpm
SO ./wolftex/WALL33.xpm
EA ./wolftex/WALL64.xpm
WE ./wolftex/WALL64.xpm
S ./wolftex/HEADH0.xpm
C 255,200,200
F 122,122,122,

11111111111111111
10000000000000001
10200000200000201
10000000000000001
10002000200020001
10000000000000001
10202020N02020201
10000000000000001
10002000200200001
10000000000000001
10200000200002001
10000000000000001
11111111111111111

PARSER OUTPUT:


=====================[DESTROYED STUFF #10]=====================
./invalid_maps/invalid_RGB_028.cub
R 1080 720
NO ./wolftex/WALL54.xpm
SO ./wolftex/WALL33.xpm
EA ./wolftex/WALL64.xpm
WE ./wolftex/WALL64.xpm
S ./wolftex/HEADH0.xpm
C 255,200,200
F 122,122,122, 200

11111111111111111
10000000000000001
10200000200000201
10000000000000001
10002000200020001
10000000000000001
10202020N02020201
10000000000000001
10002000200200001
10000000000000001
10200000200002001
10000000000000001
11111111111111111

PARSER OUTPUT:


=====================[DESTROYED STUFF #11]=====================
./invalid_maps/invalid_RGB_031.cub
R 1080 720
NO ./wolftex/WALL54.xpm
SO ./wolftex/WALL33.xpm
EA ./wolftex/WALL64.xpm
WE ./wolftex/WALL64.xpm
S ./wolftex/HEADH0.xpm
C 255,200,200
F 122,122,,122

11111111111111111
10000000000000001
10200000200000201
10000000000000001
10002000200020001
10000000000000001
10202020N02020201
10000000000000001
10002000200200001
10000000000000001
10200000200002001
10000000000000001
11111111111111111

PARSER OUTPUT:


=====================[DESTROYED STUFF #12]=====================
./invalid_maps/invalid_RGB_032.cub
R 1080 720
NO ./wolftex/WALL54.xpm
SO ./wolftex/WALL33.xpm
EA ./wolftex/WALL64.xpm
WE ./wolftex/WALL64.xpm
S ./wolftex/HEADH0.xpm
C 255,200,200
F 122,,122,122

11111111111111111
10000000000000001
10200000200000201
10000000000000001
10002000200020001
10000000000000001
10202020N02020201
10000000000000001
10002000200200001
10000000000000001
10200000200002001
10000000000000001
11111111111111111

PARSER OUTPUT:


=====================[DESTROYED STUFF #13]=====================
./invalid_maps/invalid_RGB_033.cub
R 1080 720
NO ./wolftex/WALL54.xpm
SO ./wolftex/WALL33.xpm
EA ./wolftex/WALL64.xpm
WE ./wolftex/WALL64.xpm
S ./wolftex/HEADH0.xpm
C 255,200,200
F ,122,122,122

11111111111111111
10000000000000001
10200000200000201
10000000000000001
10002000200020001
10000000000000001
10202020N02020201
10000000000000001
10002000200200001
10000000000000001
10200000200002001
10000000000000001
11111111111111111

PARSER OUTPUT:


=====================[DESTROYED STUFF #14]=====================
./invalid_maps/invalid_RGB_036.cub
R 1080 720
NO ./wolftex/WALL54.xpm
SO ./wolftex/WALL33.xpm
EA ./wolftex/WALL64.xpm
WE ./wolftex/WALL64.xpm
S ./wolftex/HEADH0.xpm
C 255,200,200        2      
F 122,122,122

11111111111111111
10000000000000001
10200000200000201
10000000000000001
10002000200020001
10000000000000001
10202020N02020201
10000000000000001
10002000200200001
10000000000000001
10200000200002001
10000000000000001
11111111111111111

PARSER OUTPUT:


=====================[DESTROYED STUFF #15]=====================
./invalid_maps/invalid_map_area_005.cub
R 1080 720
NO ./wolftex/WALL54.xpm
SO ./wolftex/WALL33.xpm
EA ./wolftex/WALL64.xpm
WE ./wolftex/WALL64.xpm
S ./wolftex/HEADH0.xpm
C 255,200,160
F 122,122,122

11111111111111111
10000000000000001
10200000200000201
10000000000000001
10002000200020001
10000000000000001
10202020002020201
10000000000000001
10002000200200001
10000000000000001
10200000200002001
10000000000000001
11111111111111111

PARSER OUTPUT:


=====================[DESTROYED STUFF #16]=====================
./invalid_maps/invalid_map_area_007.cub
R 1080 720
NO ./wolftex/WALL54.xpm
SO ./wolftex/WALL33.xpm
EA ./wolftex/WALL64.xpm
WE ./wolftex/WALL64.xpm
S ./wolftex/HEADH0.xpm
C 255,200,160
F 122,122,122

        1
11111111N11111111
10000000000000001
10200000200000201
10000000000000001
10002000200020001
10000000000000001
10202020002020201
10000000000000001
10002000200200001
10000000000000001
10200000200002001
10000000000000001
11111111111111111

PARSER OUTPUT:


=====================[DESTROYED STUFF #17]=====================
./invalid_maps/invalid_map_area_008.cub
R 1080 720
NO ./wolftex/WALL54.xpm
SO ./wolftex/WALL33.xpm
EA ./wolftex/WALL64.xpm
WE ./wolftex/WALL64.xpm
S ./wolftex/HEADH0.xpm
C 255,200,160
F 122,122,122

11111111111111111
10000000000000001
10200000200000201
10000000000000001
10002000200020001
10000000000000001
10202020N02020201
10000000000000001
10002000200200001
10000000000000001
10200000200002001
10000000000000001
1111111111111111

PARSER OUTPUT:


=====================[DESTROYED STUFF #18]=====================
./invalid_maps/invalid_map_area_009.cub
R 1080 720
NO ./wolftex/WALL54.xpm
SO ./wolftex/WALL33.xpm
EA ./wolftex/WALL64.xpm
WE ./wolftex/WALL64.xpm
S ./wolftex/HEADH0.xpm
C 255,200,160
F 122,122,122

11111111111111111
10000000000000001
10200000200000201
10000000000000001
10002000200020001
10000000000000001
10202020N02020201
10000000000000001
10002000200200001
10000000000000001
10200000200002001
10000000000000001
 1111111111111111

PARSER OUTPUT:


=====================[DESTROYED STUFF #19]=====================
./invalid_maps/invalid_map_area_010.cub
R 1080 720
NO ./wolftex/WALL54.xpm
SO ./wolftex/WALL33.xpm
EA ./wolftex/WALL64.xpm
WE ./wolftex/WALL64.xpm
S ./wolftex/HEADH0.xpm
C 255,200,160
F 122,122,122

 1111111111111111
10000000000000001
10200000200000201
10000000000000001
10002000200020001
10000000000000001
10202020N02020201
10000000000000001
10002000200200001
10000000000000001
10200000200002001
10000000000000001
11111111111111111

PARSER OUTPUT:


=====================[DESTROYED STUFF #20]=====================
./invalid_maps/invalid_map_area_011.cub
R 1080 720
NO ./wolftex/WALL54.xpm
SO ./wolftex/WALL33.xpm
EA ./wolftex/WALL64.xpm
WE ./wolftex/WALL64.xpm
S ./wolftex/HEADH0.xpm
C 255,200,160
F 122,122,122

1111111111111111
10000000000000001
10200000200000201
10000000000000001
10002000200020001
10000000000000001
10202020N02020201
10000000000000001
10002000200200001
10000000000000001
10200000200002001
10000000000000001
11111111111111111

PARSER OUTPUT:


=====================[DESTROYED STUFF #21]=====================
./invalid_maps/invalid_map_area_012.cub
R 1080 720
NO ./wolftex/WALL54.xpm
SO ./wolftex/WALL33.xpm
EA ./wolftex/WALL64.xpm
WE ./wolftex/WALL64.xpm
S ./wolftex/HEADH0.xpm
C 255,200,160
F 122,122,122

11
11

PARSER OUTPUT:


=====================[DESTROYED STUFF #22]=====================
./invalid_maps/invalid_map_area_013.cub
R 1080 720
NO ./wolftex/WALL54.xpm
SO ./wolftex/WALL33.xpm
EA ./wolftex/WALL64.xpm
WE ./wolftex/WALL64.xpm
S ./wolftex/HEADH0.xpm
C 255,200,160
F 122,122,122

111
101
111

PARSER OUTPUT:


=====================[DESTROYED STUFF #23]=====================
./invalid_maps/invalid_map_area_014.cub
R 1080 720
NO ./wolftex/WALL54.xpm
SO ./wolftex/WALL33.xpm
EA ./wolftex/WALL64.xpm
WE ./wolftex/WALL64.xpm
S ./wolftex/HEADH0.xpm
C 255,200,160
F 122,122,122

111
121
111

PARSER OUTPUT:
[139] Segmentation fault


=====================[DESTROYED STUFF #24]=====================
./invalid_maps/invalid_map_area_016.cub
R 1080 720
NO ./wolftex/WALL54.xpm
SO ./wolftex/WALL33.xpm
EA ./wolftex/WALL64.xpm
WE ./wolftex/WALL64.xpm
S ./wolftex/HEADH0.xpm
C 255,200,160
F 122,122,122

1

PARSER OUTPUT:


=====================[DESTROYED STUFF #25]=====================
./invalid_maps/invalid_map_area_024.cub
R 1080 720
NO ./wolftex/WALL54.xpm
SO ./wolftex/WALL33.xpm
EA ./wolftex/WALL64.xpm
WE ./wolftex/WALL64.xpm
S ./wolftex/HEADH0.xpm
C 255,200,160
F 122,122,122

11111111111111111
10000000000000001
10200000200000201
10000000000000001
10002000200020001    11
10000000000000001111101
10202020N02020200000001
10000000000000001111101
10002000200200001   111
10000000000000001
10200000200002001
10000000000000001
11111111111111111

PARSER OUTPUT:


=====================[DESTROYED STUFF #26]=====================
./invalid_maps/invalid_map_area_025.cub
R 1080 720
NO ./wolftex/WALL54.xpm
SO ./wolftex/WALL33.xpm
EA ./wolftex/WALL64.xpm
WE ./wolftex/WALL64.xpm
S ./wolftex/HEADH0.xpm
C 255,200,160
F 122,122,122

11111111111111111
10000000000000001
10200000200000201
10000000000000001
10002000200020001
10000000000000001   11
10202020002020201   1N1
10000000000000001   111
10002000200200001
10000000000000001
10200000200002001
10000000000000001
11111111111111111

PARSER OUTPUT:
[139] Segmentation fault


=====================[DESTROYED STUFF #27]=====================
./invalid_maps/invalid_res_007.cub
R 1080720
NO ./wolftex/WALL54.xpm
SO ./wolftex/WALL33.xpm
EA ./wolftex/WALL64.xpm
WE ./wolftex/WALL64.xpm
S ./wolftex/HEADH0.xpm
C 255,200,160
F 122,122,122

11111111111111111
10000000000000001
10200000200000201
10000000000000001
10002000200020001
10000000000000001
10202020N02020201
10000000000000001
10002000200200001
10000000000000001
10200000200002001
10000000000000001
11111111111111111

PARSER OUTPUT:


=====================[DESTROYED STUFF #28]=====================
./invalid_maps/invalid_res_014.cub
R 0 0
NO ./wolftex/WALL54.xpm
SO ./wolftex/WALL33.xpm
EA ./wolftex/WALL64.xpm
WE ./wolftex/WALL64.xpm
S ./wolftex/HEADH0.xpm
C 255,200,160
F 122,122,122

11111111111111111
10000000000000001
10200000200000201
10000000000000001
10002000200020001
10000000000000001
10202020N02020201
10000000000000001
10002000200200001
10000000000000001
10200000200002001
10000000000000001
11111111111111111

PARSER OUTPUT:


=====================[DESTROYED STUFF #29]=====================
./invalid_maps/invalid_tex_EA_003.cub
R 100 720
EAA ./wolftex/WALL54.xpm
NO ./wolftex/WALL33.xpm
SO ./wolftex/WALL64.xpm
WE ./wolftex/WALL64.xpm
S ./wolftex/HEADH0.xpm
C 255,200,160
F 122,122,122

11111111111111111
10000000000000001
10200000200000201
10000000000000001
10002000200020001
10000000000000001
10202020N02020201
10000000000000001
10002000200200001
10000000000000001
10200000200002001
10000000000000001
11111111111111111

PARSER OUTPUT:


=====================[DESTROYED STUFF #30]=====================
./invalid_maps/invalid_tex_NO_003.cub
R 100 720
NOO ./wolftex/WALL54.xpm
SO ./wolftex/WALL33.xpm
EA ./wolftex/WALL64.xpm
WE ./wolftex/WALL64.xpm
S ./wolftex/HEADH0.xpm
C 255,200,160
F 122,122,122

11111111111111111
10000000000000001
10200000200000201
10000000000000001
10002000200020001
10000000000000001
10202020N02020201
10000000000000001
10002000200200001
10000000000000001
10200000200002001
10000000000000001
11111111111111111

PARSER OUTPUT:


=====================[DESTROYED STUFF #31]=====================
./invalid_maps/invalid_tex_NO_019.cub
R 100 720
N ./wolftex/WALL54.xpm
NO ./wolftex/WALL54.xpm
SO ./wolftex/WALL33.xpm
EA ./wolftex/WALL64.xpm
WE ./wolftex/WALL64.xpm
S ./wolftex/HEADH0.xpm
C 255,200,160
F 122,122,122

11111111111111111
10000000000000001
10200000200000201
10000000000000001
10002000200020001
10000000000000001
10202020N02020201
10000000000000001
10002000200200001
10000000000000001
10200000200002001
10000000000000001
11111111111111111

PARSER OUTPUT:


=====================[DESTROYED STUFF #32]=====================
./invalid_maps/invalid_tex_SO_003.cub
R 100 720
SOO ./wolftex/WALL54.xpm
NO ./wolftex/WALL33.xpm
EA ./wolftex/WALL64.xpm
WE ./wolftex/WALL64.xpm
S ./wolftex/HEADH0.xpm
C 255,200,160
F 122,122,122

11111111111111111
10000000000000001
10200000200000201
10000000000000001
10002000200020001
10000000000000001
10202020N02020201
10000000000000001
10002000200200001
10000000000000001
10200000200002001
10000000000000001
11111111111111111

PARSER OUTPUT:


=====================[DESTROYED STUFF #33]=====================
./invalid_maps/invalid_tex_WE_003.cub
R 100 720
WEE ./wolftex/WALL54.xpm
SO ./wolftex/WALL33.xpm
EA ./wolftex/WALL64.xpm
NO ./wolftex/WALL64.xpm
S ./wolftex/HEADH0.xpm
C 255,200,160
F 122,122,122

11111111111111111
10000000000000001
10200000200000201
10000000000000001
10002000200020001
10000000000000001
10202020N02020201
10000000000000001
10002000200200001
10000000000000001
10200000200002001
10000000000000001
11111111111111111

PARSER OUTPUT:


=====================[DESTROYED STUFF #34]=====================
./invalid_maps/invalid_tex_WE_019.cub
R 100 720
W ./wolftex/WALL54.xpm
WE ./wolftex/WALL54.xpm
SO ./wolftex/WALL33.xpm
EA ./wolftex/WALL64.xpm
NO ./wolftex/WALL64.xpm
S ./wolftex/HEADH0.xpm
C 255,200,160
F 122,122,122

11111111111111111
10000000000000001
10200000200000201
10000000000000001
10002000200020001
10000000000000001
10202020N02020201
10000000000000001
10002000200200001
10000000000000001
10200000200002001
10000000000000001
11111111111111111

PARSER OUTPUT:


=====================[DESTROYED STUFF #35]=====================
valid_maps/valid_RGB_005.cub
R 1080 720
NO ./wolftex/WALL54.xpm
SO ./wolftex/WALL33.xpm
EA ./wolftex/WALL64.xpm
WE ./wolftex/WALL64.xpm
S ./wolftex/HEADH0.xpm
C 255                                                       ,200,160
F 122,122,  122

11111111111111111
10000000000000001
10200000200000201
10000000000000001
10002000200020001
10000000000000001
10202020N02020201
10000000000000001
10002000200200001
10000000000000001
10200000200002001
10000000000000001
11111111111111111

PARSER OUTPUT:
Error
no comma between colors


=====================[DESTROYED STUFF #36]=====================
valid_maps/valid_RGB_010.cub
R 1080 720
NO ./wolftex/WALL54.xpm
SO ./wolftex/WALL33.xpm
EA ./wolftex/WALL64.xpm
WE ./wolftex/WALL64.xpm
S ./wolftex/HEADH0.xpm
C 255,200,                                                      160             
F                                       122         ,           122             ,           122

11111111111111111
10000000000000001
10200000200000201
10000000000000001
10002000200020001
10000000000000001
10202020N02020201
10000000000000001
10002000200200001
10000000000000001
10200000200002001
10000000000000001
11111111111111111

PARSER OUTPUT:
Error
no comma between colors


=====================[DESTROYED STUFF #37]=====================
valid_maps/valid_RGB_011.cub
                                    C               255             ,               200             ,                           160
R 1080 720
NO ./wolftex/WALL54.xpm
SO ./wolftex/WALL33.xpm
EA ./wolftex/WALL64.xpm
WE ./wolftex/WALL64.xpm
S ./wolftex/HEADH0.xpm
F 122,122,122

11111111111111111
10000000000000001
10200000200000201
10000000000000001
10002000200020001
10000000000000001
10202020N02020201
10000000000000001
10002000200200001
10000000000000001
10200000200002001
10000000000000001
11111111111111111

PARSER OUTPUT:
Error
no comma between colors


=====================[DESTROYED STUFF #38]=====================
valid_maps/valid_map_area_011.cub
R 1080 720
NO ./wolftex/WALL54.xpm
SO ./wolftex/WALL33.xpm
EA ./wolftex/WALL64.xpm
WE ./wolftex/WALL64.xpm
S ./wolftex/HEADH0.xpm
C 255,200,160
F 122,122,122

                                                        111111
                                                        11020111111111
                11111111111111111                       11000000000001
                100000000000000011111111111111111111111111020020020021
                102000002000002000000000000000000000000000000000000001
                100000000000000011111111111111111001111111111111011111
                10002000200020001               1001           101
                10000000000000001               1001           101111111111111111
                10202020N02020201               1001           100000000000000001
                10000000000000001           111110011111       111111111111111101
                10002000200200001           100000000001                      101
                10000000000000001           100000000001                      101
                10200000200002001111111111111000200200011111111111111111111111101
                10000000000000000000000000000000000000000000000000000000000000001
                11111011111111111111111111111000200200011111111111111111111111101
                    101                     100000000001                      101
                11111011111111111           100000000001                      101
                10000000000000001           111110011111                      101
                10200000200000201               1001                          101
                10000000000000001111111111111111100111111111111111111111111111101
                10002000200020000000000000000000000000000000000000000000000000001
                10000000000000001111111111111111111111111111111111111111111111111
                10202020002020201
                10000000000000001                                                                   1111
                10002000200200001                                                                   1001
                10000000000000001                                                                   1111
                10200000200002001111111111111
                10000000000000000000000000001
                11111111111111111111111111101
                                         11011
                                        11000111111111
11111111111111111                       11000000000001
100000000000000011111111111111111111111111020020020021
102000002000002000000000000000000000000000000000000001
100000000000000011111111111111111001111111111111011111
10002000200020001               1001           101
10000000000000001               1001           101111111111111111
10202020002020201               1001           100000000000000001
10000000000000001           111110011111       111111111111111101
10002000200200001           100000000001                      101
10000000000000001           100000000001                      101
10200000200002001111111111111000200200011111111111111111111111101111111111111111111111111111111111111111111111111111111111111111111111111111111111111111111111111111111
10000000000000000000000000000000000000000000000000000000000000000000000000000000000000000000000000000000000000000000000000000000000000000000000000000000000000000000001
11111011111111111111111111111000200200011111111111111111111111101111111111111111111111111111111111111111111111111111111111111111111111111111111111111111111111111111111
    101                     100000000001                      101
11111011111111111           100000000001                      101
10000000000000001           111110011111                      101
10200000200000201               1001                          101
10000000000000001111111111111111100111111111111111111111111111101
10002000200020000000000000000000000000000000000000000000000000001
10000000000000001111111111111111111111111111111111111111111111111
10202020002020201
10000000000000001
10002000200200001
10000000000000001
10200000200002001
10000000000000001
11111111111111111
111111
1111
111
11
1
1
1














11111111111111111111111111111111111111111111

PARSER OUTPUT:
Error
invalid file


=====================[DESTROYED STUFF #39]=====================
valid_maps/valid_res_004.cub
R 1080 720              
NO ./wolftex/WALL54.xpm
SO ./wolftex/WALL33.xpm
EA ./wolftex/WALL64.xpm
WE ./wolftex/WALL64.xpm
S ./wolftex/HEADH0.xpm
C 255,200,160
F 122,122,122

11111111111111111
10000000000000001
10200000200000201
10000000000000001
10002000200020001
10000000000000001
10202020N02020201
10000000000000001
10002000200200001
10000000000000001
10200000200002001
10000000000000001
11111111111111111

PARSER OUTPUT:
Error
invalid line in file


=====================[DESTROYED STUFF #40]=====================
valid_maps/valid_tex_011.cub
R 1080 720
SO ./wolftex/WALL33.xpm
EA ./wolftex/WALL64.xpm
	NO ./wolftex/WALL54.xpm
WE ./wolftex/WALL64.xpm
C 255,200,160
F 122,122,122
	S ./wolftex/HEADH0.xpm

11111111111111111
10000000000000001
10200000200000201
10000000000000001
10002000200020001
10000000000000001
10202020N02020201
10000000000000001
10002000200200001
10000000000000001
10200000200002001
10000000000000001
11111111111111111

PARSER OUTPUT:
Error
invalid line in file


=====================[DESTROYED STUFF #41]=====================
valid_maps/valid_tex_013.cub
R 1080 720
SO ./wolftex/WALL33.xpm
EA ./wolftex/WALL64.xpm  	
NO ./wolftex/WALL54.xpm
WE ./wolftex/WALL64.xpm		 
S ./wolftex/HEADH0.xpm
C 255,200,160	 	 
F 122,122,122	 
			  
11111111111111111
10000000000000001
10200000200000201
10000000000000001
10002000200020001
10000000000000001
10202020N02020201
10000000000000001
10002000200200001
10000000000000001
10200000200002001
10000000000000001
11111111111111111

PARSER OUTPUT:
Error
invalid line in file


=====================[DESTROYED STUFF #42]=====================
valid_maps/valid_tex_014.cub
R 1080 720 
SO ./wolftex/WALL33.xpm	
EA ./wolftex/WALL64.xpm
NO ./wolftex/WALL54.xpm		 
WE ./wolftex/WALL64.xpm
S ./wolftex/HEADH0.xpm	 	
C 255,200,160	 
F 122,122,122	 

11111111111111111
10000000000000001
10200000200000201
10000000000000001
10002000200020001
10000000000000001
10202020N02020201
10000000000000001
10002000200200001
10000000000000001
10200000200002001
10000000000000001
11111111111111111

PARSER OUTPUT:
Error
invalid line in file


=====================[DESTROYED STUFF #43]=====================
valid_maps/valid_tex_015.cub
F 122,122,122
SO 	./wolftex/WALL33.xpm
EA ./wolftex/WALL64.xpm
NO 			./wolftex/WALL54.xpm
WE ./wolftex/WALL64.xpm
R 1080 720
	S ./wolftex/HEADH0.xpm
C 255,200,160

11111111111111111
10000000000000001
10200000200000201
10000000000000001
10002000200020001
10000000000000001
10202020N02020201
10000000000000001
10002000200200001
10000000000000001
10200000200002001
10000000000000001
11111111111111111

PARSER OUTPUT:
Error
invalid line in file


=====================[DESTROYED STUFF #44]=====================
valid_maps/valid_tex_017.cub
SO ./wolftex/WALL33.xpm
EA ./wolftex/WALL64.xpm
NO ./wolftex/WALL54.xpm
						WE ./wolftex/WALL64.xpm
S ./wolftex/HEADH0.xpm
C 255,200,160
F 122,122,122
R 1080 720

11111111111111111
10000000000000001
10200000200000201
10000000000000001
10002000200020001
10000000000000001
10202020N02020201
10000000000000001
10002000200200001
10000000000000001
10200000200002001
10000000000000001
11111111111111111

PARSER OUTPUT:
Error
invalid line in file


=====================[DESTROYED STUFF #45]=====================
valid_maps/valid_tex_022.cub
F 122,122,122	
SO ./wolftex/WALL33.xpm 
WE  ./wolftex/WALL64.xpm
EA ./wolftex/WALL64.xpm
 NO ./wolftex/WALL54.xpm
R 1080 720
S ./wolftex/HEADH0.xpm
C 255,200,160

11111111111111111
10000000000000001
10200000200000201
10000000000000001
10002000200020001
10000000000000001
10202020N02020201
10000000000000001
10002000200200001
10000000000000001
10200000200002001
10000000000000001
11111111111111111

PARSER OUTPUT:
Error
incorrect texture


=====================[DESTROYED STUFF #46]=====================
valid_maps/valid_tex_032.cub
C 255,200,160
                                    NO ./wolftex/WALL54.xpm
SO                                                                                                                              ./wolftex/WALL33.xpm
EA ./wolftex/WALL64.xpm                                                                                                       
WE ./wolftex/WALL64.xpm
S ./wolftex/HEADH0.xpm
F 122,122,122

R 1080 720
11111111111111111
10000000000000001
10200000200000201
10000000000000001
10002000200020001
10000000000000001
10202020N02020201
10000000000000001
10002000200200001
10000000000000001
10200000200002001
10000000000000001
11111111111111111

PARSER OUTPUT:
Error
incorrect texture


=====================[DESTROYED STUFF #47]=====================
valid_maps/valid_tex_042.cub
                                                                                                                                                                                                                                                                                                                                                                                                                                                                                                                                                                                                                                                                                                                                                                                                                                                            WE                                                                                                                   ./wolftex/WALL64.xpm
                                                                                                                                                                                                                                                                                                                                                                                                                                                                                                                                                                                                                                                                                                                                                                                                                                                        
                                                                                                                                                                                                                                                                                                                                                                                                                                                                                                                                                                                                                                                                                                                                                                                                                                                                    SO                                                                         ./wolftex/WALL33.xpm
                                                                                                                                                                                                                                                                                                                                                                                                                                                                                                                                                                                                                                                                                                                                                                                                                                                                             F                                  122                    ,                       122,                    122
                                                                                                                                                                                                                                                                                                                                                                                                                                                                                                                                                                                                                                                                                                                                                                                                                                                                                        NO                                                                             ./wolftex/WALL54.xpm
                                                                                                                                                                                                                                                                                                                                                                                                                                                                                                                                                                                                                                                                                                                                                                                                                                                            S                                                           ./wolftex/HEADH0.xpm
                                                                                                                                                                                                                                                                                                                                                                                                                                                                                                                                                                                                                                                                                                                                                                                                                                                                                                                           R                                                     1080                  720
                                                                                                                                                                                                                                                                                                                                                                                                                                                                                                                                                                                                                                                                                                                                                                                                                                                                                                                                     EA                                                                                           ./wolftex/WALL64.xpm
                                                                                                                                                                                                                                                                                                                                                                                                                                                                                                                                                                                                                                                                                                                                                                                                                                                        
                                                                                                                                                                                                                                                                                                                                                                                                                                                                                                                                                                                                                                                                                                                                                                                                                                                                                 C                                           255                                                                                            ,200,160
11111111111111111
10000000000000001
10200000200000201
10000000000000001
10002000200020001
10000000000000001
10202020N02020201
10000000000000001
10002000200200001
10000000000000001
10200000200002001
10000000000000001
11111111111111111

PARSER OUTPUT:
Error
no comma between colors


=====================[DESTROYED STUFF #48]=====================
valid_maps/valid_tex_047.cub
                WE                                                                                                 ./wolftex/WALL64.xpm

             SO                                                  ./wolftex/WALL33.xpm
                      F                 122,122,122
                                 NO                                                                             ./wolftex/WALL54.xpm
                                         S          ./wolftex/HEADH0.xpm
                                                                    R                                         1080                  720
                                                      EA                                                                                           ./wolftex/WALL64.xpm

                          C                      255                                                                                            ,200,160
11111111111111111
10000000000000001
10200000200000201
10000000000000001
10002000200020001
10000000000000001
10202020N02020201
10000000000000001
10002000200200001
10000000000000001
10200000200002001
10000000000000001
11111111111111111

PARSER OUTPUT:
Error
no comma between colors


=====================[DESTROYED STUFF #49]=====================
valid_maps/valid_tex_048.cub
     WE                                                                                                                   ./wolftex/WALL64.xpm

             SO                                                                         ./wolftex/WALL33.xpm
                      F                                  122                    ,                       122,                    122
                                 NO                                                                             ./wolftex/WALL54.xpm
     S                                                           ./wolftex/HEADH0.xpm
                                                                    R                                                     1080                  720
                                                                              EA                                                                                           ./wolftex/WALL64.xpm

                          C                                           255                                                                                            ,200,160
11111111111111111
10000000000000001
10200000200000201
10000000000000001
10002000200020001
10000000000000001
10202020N02020201
10000000000000001
10002000200200001
10000000000000001
10200000200002001
10000000000000001
11111111111111111

PARSER OUTPUT:
Error
no comma between colors
